This is pdfTeX, Version 3.1415926-2.4-1.40.13 (MiKTeX 2.9 64-bit) (preloaded format=pdflatex 2013.8.5)  2 JUL 2015 11:17
entering extended mode
**C:/Users/stevenbogaerts/SAB*Home/working/tex/intro*latex*material/Example*pap
er*-*START*HERE/parallelNNGA.tex

("C:/Users/stevenbogaerts/SAB Home/working/tex/intro latex material/Example pap
er - START HERE/parallelNNGA.tex"
LaTeX2e <2011/06/27>
Babel <v3.8m> and hyphenation patterns for english, afrikaans, ancientgreek, ar
abic, armenian, assamese, basque, bengali, bokmal, bulgarian, catalan, coptic, 
croatian, czech, danish, dutch, esperanto, estonian, farsi, finnish, french, ga
lician, german, german-x-2012-05-30, greek, gujarati, hindi, hungarian, iceland
ic, indonesian, interlingua, irish, italian, kannada, kurmanji, latin, latvian,
 lithuanian, malayalam, marathi, mongolian, mongolianlmc, monogreek, ngerman, n
german-x-2012-05-30, nynorsk, oriya, panjabi, pinyin, polish, portuguese, roman
ian, russian, sanskrit, serbian, slovak, slovenian, spanish, swedish, swissgerm
an, tamil, telugu, turkish, turkmen, ukenglish, ukrainian, uppersorbian, usengl
ishmax, welsh, loaded.
(C:\Users\stevenbogaerts\SAB_programs\MikTex\tex\latex\ieeetran\IEEEtran.cls
Document Class: IEEEtran 2012/12/27 V1.8 by Michael Shell
-- See the "IEEEtran_HOWTO" manual for usage information.
-- http://www.michaelshell.org/tex/ieeetran/
\@IEEEtrantmpdimenA=\dimen102
\@IEEEtrantmpdimenB=\dimen103
\@IEEEtrantmpcountA=\count79
\@IEEEtrantmpcountB=\count80
\@IEEEtrantmptoksA=\toks14
LaTeX Font Info:    Try loading font information for OT1+ptm on input line 368.

(C:\Users\stevenbogaerts\SAB_programs\MikTex\tex\latex\psnfss\ot1ptm.fd
File: ot1ptm.fd 2001/06/04 font definitions for OT1/ptm.
)
-- Using 8.5in x 11in (letter) paper.
-- Using PDF output.
\@IEEEnormalsizeunitybaselineskip=\dimen104
-- This is a 10 point document.
\CLASSINFOnormalsizebaselineskip=\dimen105
\CLASSINFOnormalsizeunitybaselineskip=\dimen106
\IEEEnormaljot=\dimen107
LaTeX Font Info:    Font shape `OT1/ptm/bx/n' in size <5> not available
(Font)              Font shape `OT1/ptm/b/n' tried instead on input line 726.
LaTeX Font Info:    Font shape `OT1/ptm/bx/it' in size <5> not available
(Font)              Font shape `OT1/ptm/b/it' tried instead on input line 726.
LaTeX Font Info:    Font shape `OT1/ptm/bx/n' in size <7> not available
(Font)              Font shape `OT1/ptm/b/n' tried instead on input line 726.
LaTeX Font Info:    Font shape `OT1/ptm/bx/it' in size <7> not available
(Font)              Font shape `OT1/ptm/b/it' tried instead on input line 726.
LaTeX Font Info:    Font shape `OT1/ptm/bx/n' in size <8> not available
(Font)              Font shape `OT1/ptm/b/n' tried instead on input line 726.
LaTeX Font Info:    Font shape `OT1/ptm/bx/it' in size <8> not available
(Font)              Font shape `OT1/ptm/b/it' tried instead on input line 726.
LaTeX Font Info:    Font shape `OT1/ptm/bx/n' in size <9> not available
(Font)              Font shape `OT1/ptm/b/n' tried instead on input line 726.
LaTeX Font Info:    Font shape `OT1/ptm/bx/it' in size <9> not available
(Font)              Font shape `OT1/ptm/b/it' tried instead on input line 726.
LaTeX Font Info:    Font shape `OT1/ptm/bx/n' in size <10> not available
(Font)              Font shape `OT1/ptm/b/n' tried instead on input line 726.
LaTeX Font Info:    Font shape `OT1/ptm/bx/it' in size <10> not available
(Font)              Font shape `OT1/ptm/b/it' tried instead on input line 726.
LaTeX Font Info:    Font shape `OT1/ptm/bx/n' in size <11> not available
(Font)              Font shape `OT1/ptm/b/n' tried instead on input line 726.
LaTeX Font Info:    Font shape `OT1/ptm/bx/it' in size <11> not available
(Font)              Font shape `OT1/ptm/b/it' tried instead on input line 726.
LaTeX Font Info:    Font shape `OT1/ptm/bx/n' in size <12> not available
(Font)              Font shape `OT1/ptm/b/n' tried instead on input line 726.
LaTeX Font Info:    Font shape `OT1/ptm/bx/it' in size <12> not available
(Font)              Font shape `OT1/ptm/b/it' tried instead on input line 726.
LaTeX Font Info:    Font shape `OT1/ptm/bx/n' in size <17> not available
(Font)              Font shape `OT1/ptm/b/n' tried instead on input line 726.
LaTeX Font Info:    Font shape `OT1/ptm/bx/it' in size <17> not available
(Font)              Font shape `OT1/ptm/b/it' tried instead on input line 726.
LaTeX Font Info:    Font shape `OT1/ptm/bx/n' in size <20> not available
(Font)              Font shape `OT1/ptm/b/n' tried instead on input line 726.
LaTeX Font Info:    Font shape `OT1/ptm/bx/it' in size <20> not available
(Font)              Font shape `OT1/ptm/b/it' tried instead on input line 726.
LaTeX Font Info:    Font shape `OT1/ptm/bx/n' in size <24> not available
(Font)              Font shape `OT1/ptm/b/n' tried instead on input line 726.
LaTeX Font Info:    Font shape `OT1/ptm/bx/it' in size <24> not available
(Font)              Font shape `OT1/ptm/b/it' tried instead on input line 726.
\IEEEilabelindentA=\dimen108
\IEEEilabelindentB=\dimen109
\IEEEilabelindent=\dimen110
\IEEEelabelindent=\dimen111
\IEEEdlabelindent=\dimen112
\IEEElabelindent=\dimen113
\IEEEiednormlabelsep=\dimen114
\IEEEiedmathlabelsep=\dimen115
\IEEEiedtopsep=\skip41
\c@section=\count81
\c@subsection=\count82
\c@subsubsection=\count83
\c@paragraph=\count84
\c@IEEEsubequation=\count85
\abovecaptionskip=\skip42
\belowcaptionskip=\skip43
\c@figure=\count86
\c@table=\count87
\@IEEEeqnnumcols=\count88
\@IEEEeqncolcnt=\count89
\@IEEEsubeqnnumrollback=\count90
\@IEEEtmpitemindent=\dimen116
\c@IEEEbiography=\count91
\@IEEEtranrubishbin=\box26
) (C:\Users\stevenbogaerts\SAB_programs\MikTex\tex\latex\psnfss\times.sty
Package: times 2005/04/12 PSNFSS-v9.2a (SPQR) 
)
(C:\Users\stevenbogaerts\SAB_programs\MikTex\tex\latex\preprint\fullpage.sty
Package: fullpage 1999/02/23 1.1 (PWD)
\FP@margin=\skip44
)
(C:\Users\stevenbogaerts\SAB_programs\MikTex\tex\latex\algorithmicx\algpseudoco
de.sty
Package: algpseudocode 
 (C:\Users\stevenbogaerts\SAB_programs\MikTex\tex\latex\base\ifthen.sty
Package: ifthen 2001/05/26 v1.1c Standard LaTeX ifthen package (DPC)
)
(C:\Users\stevenbogaerts\SAB_programs\MikTex\tex\latex\algorithmicx\algorithmic
x.sty
Package: algorithmicx 2005/04/27 v1.2 Algorithmicx

Document Style algorithmicx 1.2 - a greatly improved `algorithmic' style
\c@ALG@line=\count92
\c@ALG@rem=\count93
\c@ALG@nested=\count94
\ALG@tlm=\skip45
\ALG@thistlm=\skip46
\c@ALG@Lnr=\count95
\c@ALG@blocknr=\count96
\c@ALG@storecount=\count97
\c@ALG@tmpcounter=\count98
\ALG@tmplength=\skip47
)
Document Style - pseudocode environments for use with the `algorithmicx' style
)
(C:\Users\stevenbogaerts\SAB_programs\MikTex\tex\latex\pgfplots\pgfplotstable.s
ty
(C:\Users\stevenbogaerts\SAB_programs\MikTex\tex\generic\pgfplots\pgfplots.revi
sion.tex)
Package: pgfplotstable 2014/02/28 v1.10 Table typesetting and Pretty-printing (
1.10-2-gb39fe75)

(C:\Users\stevenbogaerts\SAB_programs\MikTex\tex\latex\pgfplots\pgfplots.sty
(C:\Users\stevenbogaerts\SAB_programs\MikTex\tex\generic\pgfplots\pgfplots.revi
sion.tex)
Package: pgfplots 2014/02/28 v1.10 Data Visualization (1.10-2-gb39fe75)

(C:\Users\stevenbogaerts\SAB_programs\MikTex\tex\latex\pgf\frontendlayer\tikz.s
ty
(C:\Users\stevenbogaerts\SAB_programs\MikTex\tex\latex\pgf\basiclayer\pgf.sty
(C:\Users\stevenbogaerts\SAB_programs\MikTex\tex\latex\pgf\utilities\pgfrcs.sty

(C:\Users\stevenbogaerts\SAB_programs\MikTex\tex\generic\pgf\utilities\pgfutil-
common.tex
\pgfutil@everybye=\toks15
\pgfutil@tempdima=\dimen117
\pgfutil@tempdimb=\dimen118

(C:\Users\stevenbogaerts\SAB_programs\MikTex\tex\generic\pgf\utilities\pgfutil-
common-lists.tex))
(C:\Users\stevenbogaerts\SAB_programs\MikTex\tex\generic\pgf\utilities\pgfutil-
latex.def
\pgfutil@abb=\box27

(C:\Users\stevenbogaerts\SAB_programs\MikTex\tex\latex\ms\everyshi.sty
Package: everyshi 2001/05/15 v3.00 EveryShipout Package (MS)
))
(C:\Users\stevenbogaerts\SAB_programs\MikTex\tex\generic\pgf\utilities\pgfrcs.c
ode.tex
Package: pgfrcs 2013/12/20 v3.0.0 (rcs-revision 1.28)
))
Package: pgf 2013/12/18 v3.0.0 (rcs-revision 1.14)

(C:\Users\stevenbogaerts\SAB_programs\MikTex\tex\latex\pgf\basiclayer\pgfcore.s
ty (C:\Users\stevenbogaerts\SAB_programs\MikTex\tex\latex\graphics\graphicx.sty
Package: graphicx 1999/02/16 v1.0f Enhanced LaTeX Graphics (DPC,SPQR)
(C:\Users\stevenbogaerts\SAB_programs\MikTex\tex\latex\graphics\keyval.sty
Package: keyval 1999/03/16 v1.13 key=value parser (DPC)
\KV@toks@=\toks16
)
(C:\Users\stevenbogaerts\SAB_programs\MikTex\tex\latex\graphics\graphics.sty
Package: graphics 2009/02/05 v1.0o Standard LaTeX Graphics (DPC,SPQR)

(C:\Users\stevenbogaerts\SAB_programs\MikTex\tex\latex\graphics\trig.sty
Package: trig 1999/03/16 v1.09 sin cos tan (DPC)
)
(C:\Users\stevenbogaerts\SAB_programs\MikTex\tex\latex\00miktex\graphics.cfg
File: graphics.cfg 2007/01/18 v1.5 graphics configuration of teTeX/TeXLive
)
Package graphics Info: Driver file: pdftex.def on input line 91.

(C:\Users\stevenbogaerts\SAB_programs\MikTex\tex\latex\pdftex-def\pdftex.def
File: pdftex.def 2011/05/27 v0.06d Graphics/color for pdfTeX

(C:\Users\stevenbogaerts\SAB_programs\MikTex\tex\generic\oberdiek\infwarerr.sty
Package: infwarerr 2010/04/08 v1.3 Providing info/warning/error messages (HO)
) (C:\Users\stevenbogaerts\SAB_programs\MikTex\tex\generic\oberdiek\ltxcmds.sty
Package: ltxcmds 2011/11/09 v1.22 LaTeX kernel commands for general use (HO)
)
\Gread@gobject=\count99
))
\Gin@req@height=\dimen119
\Gin@req@width=\dimen120
)
(C:\Users\stevenbogaerts\SAB_programs\MikTex\tex\latex\pgf\systemlayer\pgfsys.s
ty
(C:\Users\stevenbogaerts\SAB_programs\MikTex\tex\generic\pgf\systemlayer\pgfsys
.code.tex
Package: pgfsys 2013/11/30 v3.0.0 (rcs-revision 1.47)

(C:\Users\stevenbogaerts\SAB_programs\MikTex\tex\generic\pgf\utilities\pgfkeys.
code.tex
\pgfkeys@pathtoks=\toks17
\pgfkeys@temptoks=\toks18

(C:\Users\stevenbogaerts\SAB_programs\MikTex\tex\generic\pgf\utilities\pgfkeysf
iltered.code.tex
\pgfkeys@tmptoks=\toks19
))
\pgf@x=\dimen121
\pgf@y=\dimen122
\pgf@xa=\dimen123
\pgf@ya=\dimen124
\pgf@xb=\dimen125
\pgf@yb=\dimen126
\pgf@xc=\dimen127
\pgf@yc=\dimen128
\w@pgf@writea=\write3
\r@pgf@reada=\read1
\c@pgf@counta=\count100
\c@pgf@countb=\count101
\c@pgf@countc=\count102
\c@pgf@countd=\count103
\t@pgf@toka=\toks20
\t@pgf@tokb=\toks21
\t@pgf@tokc=\toks22

(C:\Users\stevenbogaerts\SAB_programs\MikTex\tex\generic\pgf\systemlayer\pgf.cf
g
File: pgf.cfg 2008/05/14  (rcs-revision 1.7)
)
Driver file for pgf: pgfsys-pdftex.def

(C:\Users\stevenbogaerts\SAB_programs\MikTex\tex\generic\pgf\systemlayer\pgfsys
-pdftex.def
File: pgfsys-pdftex.def 2013/07/18  (rcs-revision 1.33)

(C:\Users\stevenbogaerts\SAB_programs\MikTex\tex\generic\pgf\systemlayer\pgfsys
-common-pdf.def
File: pgfsys-common-pdf.def 2013/10/10  (rcs-revision 1.13)
)))
(C:\Users\stevenbogaerts\SAB_programs\MikTex\tex\generic\pgf\systemlayer\pgfsys
softpath.code.tex
File: pgfsyssoftpath.code.tex 2013/09/09  (rcs-revision 1.9)
\pgfsyssoftpath@smallbuffer@items=\count104
\pgfsyssoftpath@bigbuffer@items=\count105
)
(C:\Users\stevenbogaerts\SAB_programs\MikTex\tex\generic\pgf\systemlayer\pgfsys
protocol.code.tex
File: pgfsysprotocol.code.tex 2006/10/16  (rcs-revision 1.4)
))
(C:\Users\stevenbogaerts\SAB_programs\MikTex\tex\latex\xcolor\xcolor.sty
Package: xcolor 2007/01/21 v2.11 LaTeX color extensions (UK)

(C:\Users\stevenbogaerts\SAB_programs\MikTex\tex\latex\00miktex\color.cfg
File: color.cfg 2007/01/18 v1.5 color configuration of teTeX/TeXLive
)
Package xcolor Info: Driver file: pdftex.def on input line 225.
Package xcolor Info: Model `cmy' substituted by `cmy0' on input line 1337.
Package xcolor Info: Model `hsb' substituted by `rgb' on input line 1341.
Package xcolor Info: Model `RGB' extended on input line 1353.
Package xcolor Info: Model `HTML' substituted by `rgb' on input line 1355.
Package xcolor Info: Model `Hsb' substituted by `hsb' on input line 1356.
Package xcolor Info: Model `tHsb' substituted by `hsb' on input line 1357.
Package xcolor Info: Model `HSB' substituted by `hsb' on input line 1358.
Package xcolor Info: Model `Gray' substituted by `gray' on input line 1359.
Package xcolor Info: Model `wave' substituted by `hsb' on input line 1360.
)
(C:\Users\stevenbogaerts\SAB_programs\MikTex\tex\generic\pgf\basiclayer\pgfcore
.code.tex
Package: pgfcore 2010/04/11 v3.0.0 (rcs-revision 1.7)

(C:\Users\stevenbogaerts\SAB_programs\MikTex\tex\generic\pgf\math\pgfmath.code.
tex
(C:\Users\stevenbogaerts\SAB_programs\MikTex\tex\generic\pgf\math\pgfmathcalc.c
ode.tex
(C:\Users\stevenbogaerts\SAB_programs\MikTex\tex\generic\pgf\math\pgfmathutil.c
ode.tex)
(C:\Users\stevenbogaerts\SAB_programs\MikTex\tex\generic\pgf\math\pgfmathparser
.code.tex
\pgfmath@dimen=\dimen129
\pgfmath@count=\count106
\pgfmath@box=\box28
\pgfmath@toks=\toks23
\pgfmath@stack@operand=\toks24
\pgfmath@stack@operation=\toks25
)
(C:\Users\stevenbogaerts\SAB_programs\MikTex\tex\generic\pgf\math\pgfmathfuncti
ons.code.tex
(C:\Users\stevenbogaerts\SAB_programs\MikTex\tex\generic\pgf\math\pgfmathfuncti
ons.basic.code.tex)
(C:\Users\stevenbogaerts\SAB_programs\MikTex\tex\generic\pgf\math\pgfmathfuncti
ons.trigonometric.code.tex)
(C:\Users\stevenbogaerts\SAB_programs\MikTex\tex\generic\pgf\math\pgfmathfuncti
ons.random.code.tex)
(C:\Users\stevenbogaerts\SAB_programs\MikTex\tex\generic\pgf\math\pgfmathfuncti
ons.comparison.code.tex)
(C:\Users\stevenbogaerts\SAB_programs\MikTex\tex\generic\pgf\math\pgfmathfuncti
ons.base.code.tex)
(C:\Users\stevenbogaerts\SAB_programs\MikTex\tex\generic\pgf\math\pgfmathfuncti
ons.round.code.tex)
(C:\Users\stevenbogaerts\SAB_programs\MikTex\tex\generic\pgf\math\pgfmathfuncti
ons.misc.code.tex)
(C:\Users\stevenbogaerts\SAB_programs\MikTex\tex\generic\pgf\math\pgfmathfuncti
ons.integerarithmetics.code.tex)))
(C:\Users\stevenbogaerts\SAB_programs\MikTex\tex\generic\pgf\math\pgfmathfloat.
code.tex
\c@pgfmathroundto@lastzeros=\count107
))
(C:\Users\stevenbogaerts\SAB_programs\MikTex\tex\generic\pgf\basiclayer\pgfcore
points.code.tex
File: pgfcorepoints.code.tex 2013/10/07  (rcs-revision 1.27)
\pgf@picminx=\dimen130
\pgf@picmaxx=\dimen131
\pgf@picminy=\dimen132
\pgf@picmaxy=\dimen133
\pgf@pathminx=\dimen134
\pgf@pathmaxx=\dimen135
\pgf@pathminy=\dimen136
\pgf@pathmaxy=\dimen137
\pgf@xx=\dimen138
\pgf@xy=\dimen139
\pgf@yx=\dimen140
\pgf@yy=\dimen141
\pgf@zx=\dimen142
\pgf@zy=\dimen143
)
(C:\Users\stevenbogaerts\SAB_programs\MikTex\tex\generic\pgf\basiclayer\pgfcore
pathconstruct.code.tex
File: pgfcorepathconstruct.code.tex 2013/10/07  (rcs-revision 1.29)
\pgf@path@lastx=\dimen144
\pgf@path@lasty=\dimen145
)
(C:\Users\stevenbogaerts\SAB_programs\MikTex\tex\generic\pgf\basiclayer\pgfcore
pathusage.code.tex
File: pgfcorepathusage.code.tex 2013/12/13  (rcs-revision 1.23)
\pgf@shorten@end@additional=\dimen146
\pgf@shorten@start@additional=\dimen147
)
(C:\Users\stevenbogaerts\SAB_programs\MikTex\tex\generic\pgf\basiclayer\pgfcore
scopes.code.tex
File: pgfcorescopes.code.tex 2013/10/09  (rcs-revision 1.44)
\pgfpic=\box29
\pgf@hbox=\box30
\pgf@layerbox@main=\box31
\pgf@picture@serial@count=\count108
)
(C:\Users\stevenbogaerts\SAB_programs\MikTex\tex\generic\pgf\basiclayer\pgfcore
graphicstate.code.tex
File: pgfcoregraphicstate.code.tex 2013/09/19  (rcs-revision 1.11)
\pgflinewidth=\dimen148
)
(C:\Users\stevenbogaerts\SAB_programs\MikTex\tex\generic\pgf\basiclayer\pgfcore
transformations.code.tex
File: pgfcoretransformations.code.tex 2013/10/10  (rcs-revision 1.17)
\pgf@pt@x=\dimen149
\pgf@pt@y=\dimen150
\pgf@pt@temp=\dimen151
)
(C:\Users\stevenbogaerts\SAB_programs\MikTex\tex\generic\pgf\basiclayer\pgfcore
quick.code.tex
File: pgfcorequick.code.tex 2008/10/09  (rcs-revision 1.3)
)
(C:\Users\stevenbogaerts\SAB_programs\MikTex\tex\generic\pgf\basiclayer\pgfcore
objects.code.tex
File: pgfcoreobjects.code.tex 2006/10/11  (rcs-revision 1.2)
)
(C:\Users\stevenbogaerts\SAB_programs\MikTex\tex\generic\pgf\basiclayer\pgfcore
pathprocessing.code.tex
File: pgfcorepathprocessing.code.tex 2013/09/09  (rcs-revision 1.9)
)
(C:\Users\stevenbogaerts\SAB_programs\MikTex\tex\generic\pgf\basiclayer\pgfcore
arrows.code.tex
File: pgfcorearrows.code.tex 2013/11/07  (rcs-revision 1.40)
\pgfarrowsep=\dimen152
)
(C:\Users\stevenbogaerts\SAB_programs\MikTex\tex\generic\pgf\basiclayer\pgfcore
shade.code.tex
File: pgfcoreshade.code.tex 2013/07/15  (rcs-revision 1.15)
\pgf@max=\dimen153
\pgf@sys@shading@range@num=\count109
)
(C:\Users\stevenbogaerts\SAB_programs\MikTex\tex\generic\pgf\basiclayer\pgfcore
image.code.tex
File: pgfcoreimage.code.tex 2013/07/15  (rcs-revision 1.18)

(C:\Users\stevenbogaerts\SAB_programs\MikTex\tex\generic\pgf\basiclayer\pgfcore
external.code.tex
File: pgfcoreexternal.code.tex 2013/07/15  (rcs-revision 1.20)
\pgfexternal@startupbox=\box32
))
(C:\Users\stevenbogaerts\SAB_programs\MikTex\tex\generic\pgf\basiclayer\pgfcore
layers.code.tex
File: pgfcorelayers.code.tex 2013/07/18  (rcs-revision 1.7)
)
(C:\Users\stevenbogaerts\SAB_programs\MikTex\tex\generic\pgf\basiclayer\pgfcore
transparency.code.tex
File: pgfcoretransparency.code.tex 2013/09/30  (rcs-revision 1.5)
)
(C:\Users\stevenbogaerts\SAB_programs\MikTex\tex\generic\pgf\basiclayer\pgfcore
patterns.code.tex
File: pgfcorepatterns.code.tex 2013/11/07  (rcs-revision 1.5)
)))
(C:\Users\stevenbogaerts\SAB_programs\MikTex\tex\generic\pgf\modules\pgfmodules
hapes.code.tex
File: pgfmoduleshapes.code.tex 2013/10/31  (rcs-revision 1.34)
\pgfnodeparttextbox=\box33
)
(C:\Users\stevenbogaerts\SAB_programs\MikTex\tex\generic\pgf\modules\pgfmodulep
lot.code.tex
File: pgfmoduleplot.code.tex 2013/07/31  (rcs-revision 1.12)
)
(C:\Users\stevenbogaerts\SAB_programs\MikTex\tex\latex\pgf\compatibility\pgfcom
p-version-0-65.sty
Package: pgfcomp-version-0-65 2007/07/03 v3.0.0 (rcs-revision 1.7)
\pgf@nodesepstart=\dimen154
\pgf@nodesepend=\dimen155
)
(C:\Users\stevenbogaerts\SAB_programs\MikTex\tex\latex\pgf\compatibility\pgfcom
p-version-1-18.sty
Package: pgfcomp-version-1-18 2007/07/23 v3.0.0 (rcs-revision 1.1)
))
(C:\Users\stevenbogaerts\SAB_programs\MikTex\tex\latex\pgf\utilities\pgffor.sty

(C:\Users\stevenbogaerts\SAB_programs\MikTex\tex\latex\pgf\utilities\pgfkeys.st
y
(C:\Users\stevenbogaerts\SAB_programs\MikTex\tex\generic\pgf\utilities\pgfkeys.
code.tex))
(C:\Users\stevenbogaerts\SAB_programs\MikTex\tex\latex\pgf\math\pgfmath.sty
(C:\Users\stevenbogaerts\SAB_programs\MikTex\tex\generic\pgf\math\pgfmath.code.
tex))
(C:\Users\stevenbogaerts\SAB_programs\MikTex\tex\generic\pgf\utilities\pgffor.c
ode.tex
Package: pgffor 2013/12/13 v3.0.0 (rcs-revision 1.25)

(C:\Users\stevenbogaerts\SAB_programs\MikTex\tex\generic\pgf\math\pgfmath.code.
tex)
\pgffor@iter=\dimen156
\pgffor@skip=\dimen157
\pgffor@stack=\toks26
\pgffor@toks=\toks27
))
(C:\Users\stevenbogaerts\SAB_programs\MikTex\tex\generic\pgf\frontendlayer\tikz
\tikz.code.tex
Package: tikz 2013/12/13 v3.0.0 (rcs-revision 1.142)

(C:\Users\stevenbogaerts\SAB_programs\MikTex\tex\generic\pgf\libraries\pgflibra
ryplothandlers.code.tex
File: pgflibraryplothandlers.code.tex 2013/08/31 v3.0.0 (rcs-revision 1.20)
\pgf@plot@mark@count=\count110
\pgfplotmarksize=\dimen158
)
\tikz@lastx=\dimen159
\tikz@lasty=\dimen160
\tikz@lastxsaved=\dimen161
\tikz@lastysaved=\dimen162
\tikzleveldistance=\dimen163
\tikzsiblingdistance=\dimen164
\tikz@figbox=\box34
\tikz@figbox@bg=\box35
\tikz@tempbox=\box36
\tikz@tempbox@bg=\box37
\tikztreelevel=\count111
\tikznumberofchildren=\count112
\tikznumberofcurrentchild=\count113
\tikz@fig@count=\count114

(C:\Users\stevenbogaerts\SAB_programs\MikTex\tex\generic\pgf\modules\pgfmodulem
atrix.code.tex
File: pgfmodulematrix.code.tex 2013/09/17  (rcs-revision 1.8)
\pgfmatrixcurrentrow=\count115
\pgfmatrixcurrentcolumn=\count116
\pgf@matrix@numberofcolumns=\count117
)
\tikz@expandcount=\count118

(C:\Users\stevenbogaerts\SAB_programs\MikTex\tex\generic\pgf\frontendlayer\tikz
\libraries\tikzlibrarytopaths.code.tex
File: tikzlibrarytopaths.code.tex 2008/06/17 v3.0.0 (rcs-revision 1.2)
)))
(C:\Users\stevenbogaerts\SAB_programs\MikTex\tex\generic\pgfplots\pgfplots.code
.tex
(C:\Users\stevenbogaerts\SAB_programs\MikTex\tex\generic\pgfplots\pgfplotscore.
code.tex
\t@pgfplots@toka=\toks28
\t@pgfplots@tokb=\toks29
\t@pgfplots@tokc=\toks30
\pgfplots@tmpa=\dimen165
\c@pgfplots@coordindex=\count119
\c@pgfplots@scanlineindex=\count120

(C:\Users\stevenbogaerts\SAB_programs\MikTex\tex\generic\pgfplots\sys\pgfplotss
ysgeneric.code.tex))
(C:\Users\stevenbogaerts\SAB_programs\MikTex\tex\generic\pgfplots\libs\pgfplots
library.code.tex)
(C:\Users\stevenbogaerts\SAB_programs\MikTex\tex\generic\pgfplots\oldpgfcompati
b\pgfplotsoldpgfsupp_loader.code.tex
(C:\Users\stevenbogaerts\SAB_programs\MikTex\tex\generic\pgf\libraries\pgflibra
ryfpu.code.tex))
(C:\Users\stevenbogaerts\SAB_programs\MikTex\tex\generic\pgfplots\util\pgfplots
util.code.tex
(C:\Users\stevenbogaerts\SAB_programs\MikTex\tex\generic\pgfplots\liststructure
\pgfplotsliststructure.code.tex)
(C:\Users\stevenbogaerts\SAB_programs\MikTex\tex\generic\pgfplots\liststructure
\pgfplotsliststructureext.code.tex)
(C:\Users\stevenbogaerts\SAB_programs\MikTex\tex\generic\pgfplots\liststructure
\pgfplotsarray.code.tex
\c@pgfplotsarray@tmp=\count121
)
(C:\Users\stevenbogaerts\SAB_programs\MikTex\tex\generic\pgfplots\liststructure
\pgfplotsmatrix.code.tex)
(C:\Users\stevenbogaerts\SAB_programs\MikTex\tex\generic\pgfplots\numtable\pgfp
lotstableshared.code.tex
\c@pgfplotstable@counta=\count122
\t@pgfplotstable@a=\toks31
)
(C:\Users\stevenbogaerts\SAB_programs\MikTex\tex\generic\pgfplots\liststructure
\pgfplotsdeque.code.tex)
(C:\Users\stevenbogaerts\SAB_programs\MikTex\tex\generic\pgfplots\util\pgfplots
binary.code.tex
(C:\Users\stevenbogaerts\SAB_programs\MikTex\tex\generic\pgfplots\util\pgfplots
binary.data.code.tex))
(C:\Users\stevenbogaerts\SAB_programs\MikTex\tex\generic\pgfplots\util\pgfplots
util.verb.code.tex)
(C:\Users\stevenbogaerts\SAB_programs\MikTex\tex\generic\pgfplots\libs\pgflibra
rypgfplots.surfshading.code.tex
\c@pgfplotslibrarysurf@no=\count123

(C:\Users\stevenbogaerts\SAB_programs\MikTex\tex\generic\pgfplots\sys\pgflibrar
ypgfplots.surfshading.pgfsys-pdftex.def)))
(C:\Users\stevenbogaerts\SAB_programs\MikTex\tex\generic\pgfplots\util\pgfplots
colormap.code.tex
(C:\Users\stevenbogaerts\SAB_programs\MikTex\tex\generic\pgfplots\util\pgfplots
color.code.tex))
(C:\Users\stevenbogaerts\SAB_programs\MikTex\tex\generic\pgfplots\pgfplotsstack
edplots.code.tex)
(C:\Users\stevenbogaerts\SAB_programs\MikTex\tex\generic\pgfplots\pgfplotsploth
andlers.code.tex
(C:\Users\stevenbogaerts\SAB_programs\MikTex\tex\generic\pgfplots\pgfplotsmeshp
lothandler.code.tex))
(C:\Users\stevenbogaerts\SAB_programs\MikTex\tex\generic\pgfplots\pgfplots.scal
ing.code.tex)
(C:\Users\stevenbogaerts\SAB_programs\MikTex\tex\generic\pgfplots\pgfplotscoord
processing.code.tex)
(C:\Users\stevenbogaerts\SAB_programs\MikTex\tex\generic\pgfplots\pgfplots.erro
rbars.code.tex)
(C:\Users\stevenbogaerts\SAB_programs\MikTex\tex\generic\pgfplots\pgfplots.mark
ers.code.tex)
(C:\Users\stevenbogaerts\SAB_programs\MikTex\tex\generic\pgfplots\pgfplotsticks
.code.tex)
(C:\Users\stevenbogaerts\SAB_programs\MikTex\tex\generic\pgfplots\pgfplots.path
s.code.tex)
(C:\Users\stevenbogaerts\SAB_programs\MikTex\tex\generic\pgf\frontendlayer\tikz
\libraries\tikzlibrarydecorations.code.tex
(C:\Users\stevenbogaerts\SAB_programs\MikTex\tex\generic\pgf\modules\pgfmoduled
ecorations.code.tex
\pgfdecoratedcompleteddistance=\dimen166
\pgfdecoratedremainingdistance=\dimen167
\pgfdecoratedinputsegmentcompleteddistance=\dimen168
\pgfdecoratedinputsegmentremainingdistance=\dimen169
\pgf@decorate@distancetomove=\dimen170
\pgf@decorate@repeatstate=\count124
\pgfdecorationsegmentamplitude=\dimen171
\pgfdecorationsegmentlength=\dimen172
)
\tikz@lib@dec@box=\box38
)
(C:\Users\stevenbogaerts\SAB_programs\MikTex\tex\generic\pgf\frontendlayer\tikz
\libraries\tikzlibrarydecorations.pathmorphing.code.tex
(C:\Users\stevenbogaerts\SAB_programs\MikTex\tex\generic\pgf\libraries\decorati
ons\pgflibrarydecorations.pathmorphing.code.tex))
(C:\Users\stevenbogaerts\SAB_programs\MikTex\tex\generic\pgf\frontendlayer\tikz
\libraries\tikzlibrarydecorations.pathreplacing.code.tex
(C:\Users\stevenbogaerts\SAB_programs\MikTex\tex\generic\pgf\libraries\decorati
ons\pgflibrarydecorations.pathreplacing.code.tex))
\pgfplots@numplots=\count125
\pgfplots@xmin@reg=\dimen173
\pgfplots@xmax@reg=\dimen174
\pgfplots@ymin@reg=\dimen175
\pgfplots@ymax@reg=\dimen176
\pgfplots@zmin@reg=\dimen177
\pgfplots@zmax@reg=\dimen178
)
(C:\Users\stevenbogaerts\SAB_programs\MikTex\tex\generic\pgf\frontendlayer\tikz
\libraries\tikzlibraryplotmarks.code.tex
File: tikzlibraryplotmarks.code.tex 2008/01/09 v3.0.0 (rcs-revision 1.1)

(C:\Users\stevenbogaerts\SAB_programs\MikTex\tex\generic\pgf\libraries\pgflibra
ryplotmarks.code.tex
File: pgflibraryplotmarks.code.tex 2013/07/20 v3.0.0 (rcs-revision 1.13)
)))
(C:\Users\stevenbogaerts\SAB_programs\MikTex\tex\generic\pgfplots\numtable\pgfp
lotstable.code.tex
(C:\Users\stevenbogaerts\SAB_programs\MikTex\tex\generic\pgfplots\numtable\pgfp
lotstable.coltype.code.tex))
(C:\Users\stevenbogaerts\SAB_programs\MikTex\tex\latex\tools\array.sty
Package: array 2008/09/09 v2.4c Tabular extension package (FMi)
\col@sep=\dimen179
\extrarowheight=\dimen180
\NC@list=\toks32
\extratabsurround=\skip48
\backup@length=\skip49
))
(C:\Users\stevenbogaerts\SAB_programs\MikTex\tex\latex\amsfonts\amsfonts.sty
Package: amsfonts 2013/01/14 v3.01 Basic AMSFonts support
\@emptytoks=\toks33
\symAMSa=\mathgroup4
\symAMSb=\mathgroup5
LaTeX Font Info:    Overwriting math alphabet `\mathfrak' in version `bold'
(Font)                  U/euf/m/n --> U/euf/b/n on input line 106.
)
(C:\Users\stevenbogaerts\SAB_programs\MikTex\tex\latex\subfig\subfig.sty
Package: subfig 2005/06/28 ver: 1.3 subfig package

(C:\Users\stevenbogaerts\SAB_programs\MikTex\tex\latex\caption\caption.sty
Package: caption 2013/05/02 v3.3-89 Customizing captions (AR)

(C:\Users\stevenbogaerts\SAB_programs\MikTex\tex\latex\caption\caption3.sty
Package: caption3 2013/05/02 v1.6-88 caption3 kernel (AR)
Package caption3 Info: TeX engine: e-TeX on input line 57.
\captionmargin=\dimen181
\captionmargin@=\dimen182
\captionwidth=\dimen183
\caption@tempdima=\dimen184
\caption@indent=\dimen185
\caption@parindent=\dimen186
\caption@hangindent=\dimen187
Package caption Info: Unknown document class (or package),
(caption)             standard defaults will be used.
)

Package caption Warning: Unsupported document class (or package) detected,
(caption)                usage of the caption package is not recommended.
See the caption package documentation for explanation.

Package caption Info: \@makecaption = \long macro:#1#2->\ifx \@captype \@IEEEta
blestring \footnotesize \bgroup \par \centering \@IEEEtabletopskipstrut {\norma
lfont \footnotesize #1}\\{\normalfont \footnotesize \scshape #2}\par \addvspace
 {0.5\baselineskip }\egroup \@IEEEtablecaptionsepspace \else \@IEEEfigurecaptio
nsepspace \setbox \@tempboxa \hbox {\normalfont \footnotesize {#1.}\nobreakspac
e \nobreakspace #2}\ifdim \wd \@tempboxa >\hsize \setbox \@tempboxa \hbox {\nor
malfont \footnotesize {#1.}\nobreakspace \nobreakspace }\parbox [t]{\hsize }{\n
ormalfont \footnotesize \noindent \unhbox \@tempboxa #2}\else \ifCLASSOPTIONcon
ference \hbox to\hsize {\normalfont \footnotesize \hfil \box \@tempboxa \hfil }
\else \hbox to\hsize {\normalfont \footnotesize \box \@tempboxa \hfil }\fi \fi 
\fi .
\c@ContinuedFloat=\count126
)
\c@KVtest=\count127
\sf@farskip=\skip50
\sf@captopadj=\dimen188
\sf@capskip=\skip51
\sf@nearskip=\skip52
\c@subfigure=\count128
\c@subfigure@save=\count129
\c@lofdepth=\count130
\c@subtable=\count131
\c@subtable@save=\count132
\c@lotdepth=\count133
\sf@top=\skip53
\sf@bottom=\skip54
) (C:\Users\stevenbogaerts\SAB_programs\MikTex\tex\latex\float\float.sty
Package: float 2001/11/08 v1.3d Float enhancements (AL)
\c@float@type=\count134
\float@exts=\toks34
\float@box=\box39
\@float@everytoks=\toks35
\@floatcapt=\box40
)
("C:\Users\stevenbogaerts\SAB Home\working\tex\intro latex material\Example pap
er - START HERE\aaai_bib.sty")

LaTeX Warning: Unused global option(s):
    [compsocconf].


("C:\Users\stevenbogaerts\SAB Home\working\tex\intro latex material\Example pap
er - START HERE\parallelNNGA.aux")
LaTeX Font Info:    Checking defaults for OML/cmm/m/it on input line 53.
LaTeX Font Info:    ... okay on input line 53.
LaTeX Font Info:    Checking defaults for T1/cmr/m/n on input line 53.
LaTeX Font Info:    ... okay on input line 53.
LaTeX Font Info:    Checking defaults for OT1/cmr/m/n on input line 53.
LaTeX Font Info:    ... okay on input line 53.
LaTeX Font Info:    Checking defaults for OMS/cmsy/m/n on input line 53.
LaTeX Font Info:    ... okay on input line 53.
LaTeX Font Info:    Checking defaults for OMX/cmex/m/n on input line 53.
LaTeX Font Info:    ... okay on input line 53.
LaTeX Font Info:    Checking defaults for U/cmr/m/n on input line 53.
LaTeX Font Info:    ... okay on input line 53.
 ABD: EveryShipout initializing macros
(C:\Users\stevenbogaerts\SAB_programs\MikTex\tex\context\base\supp-pdf.mkii
[Loading MPS to PDF converter (version 2006.09.02).]
\scratchcounter=\count135
\scratchdimen=\dimen189
\scratchbox=\box41
\nofMPsegments=\count136
\nofMParguments=\count137
\everyMPshowfont=\toks36
\MPscratchCnt=\count138
\MPscratchDim=\dimen190
\MPnumerator=\count139
\makeMPintoPDFobject=\count140
\everyMPtoPDFconversion=\toks37
)

Package pgfplots Warning: running in backwards compatibility mode (unsuitable t
ick labels; missing features). Consider writing \pgfplotsset{compat=1.10} into 
your preamble.
 on input line 53.

Package caption Info: Begin \AtBeginDocument code.
Package caption Info: subfig package v1.3 is loaded.
Package caption Info: float package is loaded.
Package caption Info: End \AtBeginDocument code.
LaTeX Font Info:    Calculating math sizes for size <11> on input line 55.
LaTeX Font Info:    Try loading font information for U+msa on input line 55.
(C:\Users\stevenbogaerts\SAB_programs\MikTex\tex\latex\amsfonts\umsa.fd
File: umsa.fd 2013/01/14 v3.01 AMS symbols A
)
LaTeX Font Info:    Try loading font information for U+msb on input line 55.

(C:\Users\stevenbogaerts\SAB_programs\MikTex\tex\latex\amsfonts\umsb.fd
File: umsb.fd 2013/01/14 v3.01 AMS symbols B
)
LaTeX Font Info:    Try loading font information for OT1+pcr on input line 55.

(C:\Users\stevenbogaerts\SAB_programs\MikTex\tex\latex\psnfss\ot1pcr.fd
File: ot1pcr.fd 2001/06/04 font definitions for OT1/pcr.
)
<neuralnetwork.png, id=4, 505.89pt x 391.4625pt>
File: neuralnetwork.png Graphic file (type png)
 <use neuralnetwork.png>
Package pdftex.def Info: neuralnetwork.png used on input line 87.
(pdftex.def)             Requested size: 217.43582pt x 180.67822pt.

[1{C:/Users/stevenbogaerts/AppData/Local/MiKTeX/2.9/pdftex/config/pdftex.map}


 <C:/Users/stevenbogaerts/SAB Home/working/tex/intro latex material/Example pap
er - START HERE/neuralnetwork.png>] [2] [3]
PGFPlots: reading {carsnumepochs.dat}

Overfull \hbox (0.52922pt too wide) in paragraph at lines 190--199
 [][] 
 []


Overfull \hbox (8.97725pt too wide) in paragraph at lines 207--217
 [][] 
 []

[4]
PGFPlots: reading {carsmomentum.dat}
PGFPlots: reading {carslearningrate.dat}
 [5]
PGFPlots: reading {splicenumepochs.dat}

Overfull \hbox (8.97725pt too wide) in paragraph at lines 351--359
 [][] 
 []

PGFPlots: reading {splicenumhidden.dat}
PGFPlots: reading {splicemomentum.dat}
PGFPlots: reading {splicelearningrate.dat}
[6] [7]
Underfull \vbox (badness 1845) has occurred while \output is active []

 [8]
("C:\Users\stevenbogaerts\SAB Home\working\tex\intro latex material\Example pap
er - START HERE\parallelNNGA.bbl")

** Conference Paper **
Before submitting the final camera ready copy, remember to:

 1. Manually equalize the lengths of two columns on the last page
 of your paper;

 2. Ensure that any PostScript and/or PDF output post-processing
 uses only Type 1 fonts and that every step in the generation
 process uses the appropriate paper size.

[9]
("C:\Users\stevenbogaerts\SAB Home\working\tex\intro latex material\Example pap
er - START HERE\parallelNNGA.aux") ) 
Here is how much of TeX's memory you used:
 23151 strings out of 493921
 591461 string characters out of 3140840
 799112 words of memory out of 3000000
 26053 multiletter control sequences out of 15000+200000
 43399 words of font info for 98 fonts, out of 3000000 for 9000
 841 hyphenation exceptions out of 8191
 69i,11n,89p,1449b,1948s stack positions out of 5000i,500n,10000p,200000b,50000s
{C:/Users/stevenbogaerts/SAB_programs/MikTe
x/fonts/enc/dvips/fontname/8r.enc}<C:/Users/stevenbogaerts/SAB_programs/MikTex/
fonts/type1/public/amsfonts/cm/cmex10.pfb><C:/Users/stevenbogaerts/SAB_programs
/MikTex/fonts/type1/public/amsfonts/cm/cmmi10.pfb><C:/Users/stevenbogaerts/SAB_
programs/MikTex/fonts/type1/public/amsfonts/cm/cmmi7.pfb><C:/Users/stevenbogaer
ts/SAB_programs/MikTex/fonts/type1/public/amsfonts/cm/cmr10.pfb><C:/Users/steve
nbogaerts/SAB_programs/MikTex/fonts/type1/public/amsfonts/cm/cmr7.pfb><C:/Users
/stevenbogaerts/SAB_programs/MikTex/fonts/type1/public/amsfonts/cm/cmr8.pfb><C:
/Users/stevenbogaerts/SAB_programs/MikTex/fonts/type1/public/amsfonts/cm/cmsy10
.pfb><C:/Users/stevenbogaerts/SAB_programs/MikTex/fonts/type1/public/amsfonts/c
m/cmsy7.pfb><C:/Users/stevenbogaerts/SAB_programs/MikTex/fonts/type1/urw/courie
r/ucrr8a.pfb><C:/Users/stevenbogaerts/SAB_programs/MikTex/fonts/type1/urw/times
/utmb8a.pfb><C:/Users/stevenbogaerts/SAB_programs/MikTex/fonts/type1/urw/times/
utmbi8a.pfb><C:/Users/stevenbogaerts/SAB_programs/MikTex/fonts/type1/urw/times/
utmr8a.pfb><C:/Users/stevenbogaerts/SAB_programs/MikTex/fonts/type1/urw/times/u
tmri8a.pfb>
Output written on parallelNNGA.pdf (9 pages, 233899 bytes).
PDF statistics:
 89 PDF objects out of 1000 (max. 8388607)
 0 named destinations out of 1000 (max. 500000)
 18 words of extra memory for PDF output out of 10000 (max. 10000000)

